"C:/Users/Pepe/Documents/Unreal Projects/mult_side_scr_test 5.0/Content/Mannequin/Character/Mesh/UE4_Mannequin_Skeleton.uasset" 0
"C:/Users/Pepe/Documents/Unreal Projects/mult_side_scr_test 5.0/Content/Mannequin/Character/Mesh/UE4_Mannequin_Skeleton.uexp" 1
"C:/Users/Pepe/Documents/Unreal Projects/mult_side_scr_test 5.0/Content/Mannequin/Animations/ThirdPerson_Jump.uasset" 2
"C:/Users/Pepe/Documents/Unreal Projects/mult_side_scr_test 5.0/Content/Mannequin/Animations/ThirdPerson_Jump.uexp" 3
"C:/Users/Pepe/Documents/Unreal Projects/mult_side_scr_test 5.0/Content/Mannequin/Animations/ThirdPersonWalk.uasset" 4
"C:/Users/Pepe/Documents/Unreal Projects/mult_side_scr_test 5.0/Content/Mannequin/Animations/ThirdPersonWalk.uexp" 5
"C:/Users/Pepe/Documents/Unreal Projects/mult_side_scr_test 5.0/Content/Mannequin/Animations/ThirdPersonIdle.uasset" 6
"C:/Users/Pepe/Documents/Unreal Projects/mult_side_scr_test 5.0/Content/Mannequin/Animations/ThirdPersonIdle.uexp" 7
"C:/Users/Pepe/Documents/Unreal Projects/mult_side_scr_test 5.0/Content/Mannequin/Animations/ThirdPersonRun.uasset" 8
"C:/Users/Pepe/Documents/Unreal Projects/mult_side_scr_test 5.0/Content/Mannequin/Animations/ThirdPersonRun.uexp" 9
"C:/Users/Pepe/Documents/Unreal Projects/mult_side_scr_test 5.0/Content/Mannequin/Animations/ThirdPerson_IdleRun_2D.uasset" 10
"C:/Users/Pepe/Documents/Unreal Projects/mult_side_scr_test 5.0/Content/Mannequin/Animations/ThirdPerson_IdleRun_2D.uexp" 11
"../../../Engine/Content/EditorBlueprintResources/StandardMacros.uasset" 12
"../../../Engine/Content/EditorBlueprintResources/StandardMacros.uexp" 13
"C:/Users/Pepe/Documents/Unreal Projects/mult_side_scr_test 5.0/Content/Mannequin/Animations/ThirdPersonJump_Loop.uasset" 14
"C:/Users/Pepe/Documents/Unreal Projects/mult_side_scr_test 5.0/Content/Mannequin/Animations/ThirdPersonJump_Loop.uexp" 15
"C:/Users/Pepe/Documents/Unreal Projects/mult_side_scr_test 5.0/Content/Mannequin/Animations/ThirdPersonJump_Start.uasset" 16
"C:/Users/Pepe/Documents/Unreal Projects/mult_side_scr_test 5.0/Content/Mannequin/Animations/ThirdPersonJump_Start.uexp" 17
"C:/Users/Pepe/Documents/Unreal Projects/mult_side_scr_test 5.0/Content/Mannequin/Animations/ThirdPerson_AnimBP.uasset" 18
"C:/Users/Pepe/Documents/Unreal Projects/mult_side_scr_test 5.0/Content/Mannequin/Animations/ThirdPerson_AnimBP.uexp" 19
"C:/Users/Pepe/Documents/Unreal Projects/mult_side_scr_test 5.0/Content/Mannequin/Character/Materials/MaterialLayers/T_ML_Aluminum01.uasset" 20
"C:/Users/Pepe/Documents/Unreal Projects/mult_side_scr_test 5.0/Content/Mannequin/Character/Materials/MaterialLayers/T_ML_Aluminum01.uexp" 21
"C:/Users/Pepe/Documents/Unreal Projects/mult_side_scr_test 5.0/Content/Mannequin/Character/Materials/MaterialLayers/T_ML_Aluminum01.ubulk" 22
"C:/Users/Pepe/Documents/Unreal Projects/mult_side_scr_test 5.0/Content/Mannequin/Character/Materials/MaterialLayers/T_ML_Aluminum01_N.uasset" 23
"C:/Users/Pepe/Documents/Unreal Projects/mult_side_scr_test 5.0/Content/Mannequin/Character/Materials/MaterialLayers/T_ML_Aluminum01_N.uexp" 24
"C:/Users/Pepe/Documents/Unreal Projects/mult_side_scr_test 5.0/Content/Mannequin/Character/Materials/MaterialLayers/T_ML_Aluminum01_N.ubulk" 25
"C:/Users/Pepe/Documents/Unreal Projects/mult_side_scr_test 5.0/Content/Mannequin/Character/Materials/MaterialLayers/T_ML_Rubber_Blue_01_D.uasset" 26
"C:/Users/Pepe/Documents/Unreal Projects/mult_side_scr_test 5.0/Content/Mannequin/Character/Materials/MaterialLayers/T_ML_Rubber_Blue_01_D.uexp" 27
"C:/Users/Pepe/Documents/Unreal Projects/mult_side_scr_test 5.0/Content/Mannequin/Character/Materials/MaterialLayers/T_ML_Rubber_Blue_01_D.ubulk" 28
"C:/Users/Pepe/Documents/Unreal Projects/mult_side_scr_test 5.0/Content/Mannequin/Character/Materials/MaterialLayers/T_ML_Rubber_Blue_01_N.uasset" 29
"C:/Users/Pepe/Documents/Unreal Projects/mult_side_scr_test 5.0/Content/Mannequin/Character/Materials/MaterialLayers/T_ML_Rubber_Blue_01_N.uexp" 30
"C:/Users/Pepe/Documents/Unreal Projects/mult_side_scr_test 5.0/Content/Mannequin/Character/Materials/MaterialLayers/T_ML_Rubber_Blue_01_N.ubulk" 31
"C:/Users/Pepe/Documents/Unreal Projects/mult_side_scr_test 5.0/Content/Mannequin/Character/Textures/T_Male_Mask.uasset" 32
"C:/Users/Pepe/Documents/Unreal Projects/mult_side_scr_test 5.0/Content/Mannequin/Character/Textures/T_Male_Mask.uexp" 33
"C:/Users/Pepe/Documents/Unreal Projects/mult_side_scr_test 5.0/Content/Mannequin/Character/Textures/T_Male_Mask.ubulk" 34
"C:/Users/Pepe/Documents/Unreal Projects/mult_side_scr_test 5.0/Content/Mannequin/Character/Textures/T_Male_N.uasset" 35
"C:/Users/Pepe/Documents/Unreal Projects/mult_side_scr_test 5.0/Content/Mannequin/Character/Textures/T_Male_N.uexp" 36
"C:/Users/Pepe/Documents/Unreal Projects/mult_side_scr_test 5.0/Content/Mannequin/Character/Textures/T_Male_N.ubulk" 37
"../../../Engine/Content/Functions/Engine_MaterialFunctions02/Utility/BlendAngleCorrectedNormals.uasset" 38
"../../../Engine/Content/Functions/Engine_MaterialFunctions02/Utility/BlendAngleCorrectedNormals.uexp" 39
"../../../Engine/Content/Functions/MaterialLayerFunctions/MatLayerBlend_NormalBlend.uasset" 40
"../../../Engine/Content/Functions/MaterialLayerFunctions/MatLayerBlend_NormalBlend.uexp" 41
"C:/Users/Pepe/Documents/Unreal Projects/mult_side_scr_test 5.0/Content/Mannequin/Character/Textures/T_UE4Logo_Mask.uasset" 42
"C:/Users/Pepe/Documents/Unreal Projects/mult_side_scr_test 5.0/Content/Mannequin/Character/Textures/T_UE4Logo_Mask.uexp" 43
"C:/Users/Pepe/Documents/Unreal Projects/mult_side_scr_test 5.0/Content/Mannequin/Character/Textures/T_UE4Logo_Mask.ubulk" 44
"C:/Users/Pepe/Documents/Unreal Projects/mult_side_scr_test 5.0/Content/Mannequin/Character/Materials/MaterialLayers/ML_Plastic_Shiny_Beige_LOGO.uasset" 45
"C:/Users/Pepe/Documents/Unreal Projects/mult_side_scr_test 5.0/Content/Mannequin/Character/Materials/MaterialLayers/ML_Plastic_Shiny_Beige_LOGO.uexp" 46
"C:/Users/Pepe/Documents/Unreal Projects/mult_side_scr_test 5.0/Content/Mannequin/Character/Materials/MaterialLayers/ML_SoftMetal_UE4.uasset" 47
"C:/Users/Pepe/Documents/Unreal Projects/mult_side_scr_test 5.0/Content/Mannequin/Character/Materials/MaterialLayers/ML_SoftMetal_UE4.uexp" 48
"../../../Engine/Content/Functions/MaterialLayerFunctions/MatLayerBlend_Simple.uasset" 49
"../../../Engine/Content/Functions/MaterialLayerFunctions/MatLayerBlend_Simple.uexp" 50
"C:/Users/Pepe/Documents/Unreal Projects/mult_side_scr_test 5.0/Content/Mannequin/Character/Materials/MaterialLayers/ML_GlossyBlack_Latex_UE4.uasset" 51
"C:/Users/Pepe/Documents/Unreal Projects/mult_side_scr_test 5.0/Content/Mannequin/Character/Materials/MaterialLayers/ML_GlossyBlack_Latex_UE4.uexp" 52
"C:/Users/Pepe/Documents/Unreal Projects/mult_side_scr_test 5.0/Content/Mannequin/Character/Materials/MaterialLayers/ML_Plastic_Shiny_Beige.uasset" 53
"C:/Users/Pepe/Documents/Unreal Projects/mult_side_scr_test 5.0/Content/Mannequin/Character/Materials/MaterialLayers/ML_Plastic_Shiny_Beige.uexp" 54
"C:/Users/Pepe/Documents/Unreal Projects/mult_side_scr_test 5.0/Content/Mannequin/Character/Materials/M_Male_Body.uasset" 55
"C:/Users/Pepe/Documents/Unreal Projects/mult_side_scr_test 5.0/Content/Mannequin/Character/Materials/M_Male_Body.uexp" 56
"C:/Users/Pepe/Documents/Unreal Projects/mult_side_scr_test 5.0/Content/Mannequin/Character/Textures/T_UE4Logo_N.uasset" 57
"C:/Users/Pepe/Documents/Unreal Projects/mult_side_scr_test 5.0/Content/Mannequin/Character/Textures/T_UE4Logo_N.uexp" 58
"C:/Users/Pepe/Documents/Unreal Projects/mult_side_scr_test 5.0/Content/Mannequin/Character/Textures/T_UE4Logo_N.ubulk" 59
"C:/Users/Pepe/Documents/Unreal Projects/mult_side_scr_test 5.0/Content/Mannequin/Character/Materials/M_UE4Man_ChestLogo.uasset" 60
"C:/Users/Pepe/Documents/Unreal Projects/mult_side_scr_test 5.0/Content/Mannequin/Character/Materials/M_UE4Man_ChestLogo.uexp" 61
"C:/Users/Pepe/Documents/Unreal Projects/mult_side_scr_test 5.0/Content/Mannequin/Character/Mesh/SK_Mannequin_PhysicsAsset.uasset" 62
"C:/Users/Pepe/Documents/Unreal Projects/mult_side_scr_test 5.0/Content/Mannequin/Character/Mesh/SK_Mannequin_PhysicsAsset.uexp" 63
"C:/Users/Pepe/Documents/Unreal Projects/mult_side_scr_test 5.0/Content/Mannequin/Character/Mesh/SK_Mannequin.uasset" 64
"C:/Users/Pepe/Documents/Unreal Projects/mult_side_scr_test 5.0/Content/Mannequin/Character/Mesh/SK_Mannequin.uexp" 65
"C:/Users/Pepe/Documents/Unreal Projects/mult_side_scr_test 5.0/Content/SideScrollerBP/Blueprints/SideScrollerCharacter.uasset" 66
"C:/Users/Pepe/Documents/Unreal Projects/mult_side_scr_test 5.0/Content/SideScrollerBP/Blueprints/SideScrollerCharacter.uexp" 67
"C:/Users/Pepe/Documents/Unreal Projects/mult_side_scr_test 5.0/Content/SideScrollerBP/Blueprints/SideScrollerGameMode.uasset" 68
"C:/Users/Pepe/Documents/Unreal Projects/mult_side_scr_test 5.0/Content/SideScrollerBP/Blueprints/SideScrollerGameMode.uexp" 69
"../../../Engine/Content/Animation/DefaultAnimBoneCompressionSettings.uasset" 70
"../../../Engine/Content/Animation/DefaultAnimBoneCompressionSettings.uexp" 71
"../../../Engine/Content/Animation/DefaultAnimCurveCompressionSettings.uasset" 72
"../../../Engine/Content/Animation/DefaultAnimCurveCompressionSettings.uexp" 73
"../../../Engine/Content/EngineMaterials/T_Default_Material_Grid_M.uasset" 74
"../../../Engine/Content/EngineMaterials/T_Default_Material_Grid_M.uexp" 75
"../../../Engine/Content/EngineMaterials/T_Default_Material_Grid_M.ubulk" 76
"../../../Engine/Content/EngineMaterials/T_Default_Material_Grid_N.uasset" 77
"../../../Engine/Content/EngineMaterials/T_Default_Material_Grid_N.uexp" 78
"../../../Engine/Content/EngineMaterials/T_Default_Material_Grid_N.ubulk" 79
"../../../Engine/Content/Functions/Engine_MaterialFunctions01/Opacity/CameraDepthFade.uasset" 80
"../../../Engine/Content/Functions/Engine_MaterialFunctions01/Opacity/CameraDepthFade.uexp" 81
"../../../Engine/Content/EngineMaterials/WorldGridMaterial.uasset" 82
"../../../Engine/Content/EngineMaterials/WorldGridMaterial.uexp" 83
"../../../Engine/Content/ArtTools/RenderToTexture/Meshes/S_1_Unit_Plane.uasset" 84
"../../../Engine/Content/ArtTools/RenderToTexture/Meshes/S_1_Unit_Plane.uexp" 85
"../../../Engine/Content/EngineMaterials/DefaultMaterial.uasset" 86
"../../../Engine/Content/EngineMaterials/DefaultMaterial.uexp" 87
"../../../Engine/Content/BasicShapes/Cone.uasset" 88
"../../../Engine/Content/BasicShapes/Cone.uexp" 89
"../../../Engine/Content/BasicShapes/Cube.uasset" 90
"../../../Engine/Content/BasicShapes/Cube.uexp" 91
"../../../Engine/Content/BasicShapes/Plane.uasset" 92
"../../../Engine/Content/BasicShapes/Plane.uexp" 93
"../../../Engine/Content/BasicShapes/Sphere.uasset" 94
"../../../Engine/Content/BasicShapes/Sphere.uexp" 95
"../../../Engine/Content/EditorLandscapeResources/DataLayer.uasset" 96
"../../../Engine/Content/EditorLandscapeResources/DataLayer.uexp" 97
"../../../Engine/Content/EditorLandscapeResources/DefaultAlphaTexture.uasset" 98
"../../../Engine/Content/EditorLandscapeResources/DefaultAlphaTexture.uexp" 99
"../../../Engine/Content/EditorMaterials/MAT_Groups_Toggle.uasset" 100
"../../../Engine/Content/EditorMaterials/MAT_Groups_Toggle.uexp" 101
"../../../Engine/Content/EditorMaterials/MAT_Groups_Visibility.uasset" 102
"../../../Engine/Content/EditorMaterials/MAT_Groups_Visibility.uexp" 103
"../../../Engine/Content/EditorMaterials/PreviewShadowIndicator.uasset" 104
"../../../Engine/Content/EditorMaterials/PreviewShadowIndicator.uexp" 105
"../../../Engine/Content/EditorMaterials/PreviewShadowIndicator.ubulk" 106
"../../../Engine/Content/EditorMaterials/PreviewShadowIndicatorMaterial.uasset" 107
"../../../Engine/Content/EditorMaterials/PreviewShadowIndicatorMaterial.uexp" 108
"../../../Engine/Content/EditorMaterials/MatineeGroups/MAT_ColorTrack.uasset" 109
"../../../Engine/Content/EditorMaterials/MatineeGroups/MAT_ColorTrack.uexp" 110
"../../../Engine/Content/EditorMaterials/MatineeGroups/MAT_Groups_Anim.uasset" 111
"../../../Engine/Content/EditorMaterials/MatineeGroups/MAT_Groups_Anim.uexp" 112
"../../../Engine/Content/EditorMaterials/MatineeGroups/MAT_Groups_AudioMaster.uasset" 113
"../../../Engine/Content/EditorMaterials/MatineeGroups/MAT_Groups_AudioMaster.uexp" 114
"../../../Engine/Content/EditorMaterials/MatineeGroups/MAT_Groups_Director.uasset" 115
"../../../Engine/Content/EditorMaterials/MatineeGroups/MAT_Groups_Director.uexp" 116
"../../../Engine/Content/EditorMaterials/MatineeGroups/MAT_Groups_Event.uasset" 117
"../../../Engine/Content/EditorMaterials/MatineeGroups/MAT_Groups_Event.uexp" 118
"../../../Engine/Content/EditorMaterials/MatineeGroups/MAT_Groups_Fade.uasset" 119
"../../../Engine/Content/EditorMaterials/MatineeGroups/MAT_Groups_Fade.uexp" 120
"../../../Engine/Content/EditorMaterials/MatineeGroups/MAT_Groups_Float.uasset" 121
"../../../Engine/Content/EditorMaterials/MatineeGroups/MAT_Groups_Float.uexp" 122
"../../../Engine/Content/EditorMaterials/MatineeGroups/MAT_Groups_Move.uasset" 123
"../../../Engine/Content/EditorMaterials/MatineeGroups/MAT_Groups_Move.uexp" 124
"../../../Engine/Content/EditorMaterials/MatineeGroups/MAT_Groups_Slomo.uasset" 125
"../../../Engine/Content/EditorMaterials/MatineeGroups/MAT_Groups_Slomo.uexp" 126
"../../../Engine/Content/EditorMaterials/MatineeGroups/MAT_Groups_Sound.uasset" 127
"../../../Engine/Content/EditorMaterials/MatineeGroups/MAT_Groups_Sound.uexp" 128
"../../../Engine/Content/EditorMaterials/MatineeGroups/MAT_Groups_Vector.uasset" 129
"../../../Engine/Content/EditorMaterials/MatineeGroups/MAT_Groups_Vector.uexp" 130
"../../../Engine/Content/EditorMaterials/ParticleSystems/PSysThumbnail_NoImage.uasset" 131
"../../../Engine/Content/EditorMaterials/ParticleSystems/PSysThumbnail_NoImage.uexp" 132
"../../../Engine/Content/EditorMaterials/ParticleSystems/PSysThumbnail_NoImage.ubulk" 133
"../../../Engine/Content/EditorMaterials/ParticleSystems/PSysThumbnail_OOD.uasset" 134
"../../../Engine/Content/EditorMaterials/ParticleSystems/PSysThumbnail_OOD.uexp" 135
"../../../Engine/Content/EditorMaterials/ParticleSystems/PSysThumbnail_OOD.ubulk" 136
"../../../Engine/Content/Functions/Engine_MaterialFunctions02/Utility/MakeFloat4.uasset" 137
"../../../Engine/Content/Functions/Engine_MaterialFunctions02/Utility/MakeFloat4.uexp" 138
"../../../Engine/Content/Functions/Engine_MaterialFunctions02/Utility/MakeFloat3.uasset" 139
"../../../Engine/Content/Functions/Engine_MaterialFunctions02/Utility/MakeFloat3.uexp" 140
"../../../Engine/Content/Functions/Engine_MaterialFunctions02/Utility/BreakOutFloat3Components.uasset" 141
"../../../Engine/Content/Functions/Engine_MaterialFunctions02/Utility/BreakOutFloat3Components.uexp" 142
"../../../Engine/Content/EditorMaterials/WorldPartition/WorldPartitionSpatialHashGridPreviewMaterial.uasset" 143
"../../../Engine/Content/EditorMaterials/WorldPartition/WorldPartitionSpatialHashGridPreviewMaterial.uexp" 144
"../../../Engine/Content/EditorMaterials/Camera/CineMat.uasset" 145
"../../../Engine/Content/EditorMaterials/Camera/CineMat.uexp" 146
"../../../Engine/Content/EditorMaterials/Camera/MI_CineMat_Rig.uasset" 147
"../../../Engine/Content/EditorMaterials/Camera/MI_CineMat_Rig.uexp" 148
"../../../Engine/Content/EditorMeshes/Camera/SM_CraneRig_Arm.uasset" 149
"../../../Engine/Content/EditorMeshes/Camera/SM_CraneRig_Arm.uexp" 150
"../../../Engine/Content/EditorMeshes/Camera/SM_CraneRig_Base.uasset" 151
"../../../Engine/Content/EditorMeshes/Camera/SM_CraneRig_Base.uexp" 152
"../../../Engine/Content/EditorMeshes/Camera/SM_CraneRig_Body.uasset" 153
"../../../Engine/Content/EditorMeshes/Camera/SM_CraneRig_Body.uexp" 154
"../../../Engine/Content/EditorMeshes/Camera/SM_CraneRig_Mount.uasset" 155
"../../../Engine/Content/EditorMeshes/Camera/SM_CraneRig_Mount.uexp" 156
"../../../Engine/Content/EditorMeshes/Camera/SM_RailRig_Mount.uasset" 157
"../../../Engine/Content/EditorMeshes/Camera/SM_RailRig_Mount.uexp" 158
"../../../Engine/Content/EditorMeshes/Camera/SM_RailRig_Track.uasset" 159
"../../../Engine/Content/EditorMeshes/Camera/SM_RailRig_Track.uexp" 160
"../../../Engine/Content/EditorResources/BSPVertex.uasset" 161
"../../../Engine/Content/EditorResources/BSPVertex.uexp" 162
"../../../Engine/Content/EditorResources/EmptyActor.uasset" 163
"../../../Engine/Content/EditorResources/EmptyActor.uexp" 164
"../../../Engine/Content/EditorResources/S_Actor.uasset" 165
"../../../Engine/Content/EditorResources/S_Actor.uexp" 166
"../../../Engine/Content/EditorResources/S_Actor.ubulk" 167
"../../../Engine/Content/EditorResources/S_BoxReflectionCapture.uasset" 168
"../../../Engine/Content/EditorResources/S_BoxReflectionCapture.uexp" 169
"../../../Engine/Content/EditorResources/S_Note.uasset" 170
"../../../Engine/Content/EditorResources/S_Note.uexp" 171
"../../../Engine/Content/EditorResources/S_Solver.uasset" 172
"../../../Engine/Content/EditorResources/S_Solver.uexp" 173
"../../../Engine/Content/EditorResources/S_Solver.ubulk" 174
"../../../Engine/Content/EditorResources/S_Terrain.uasset" 175
"../../../Engine/Content/EditorResources/S_Terrain.uexp" 176
"../../../Engine/Content/EditorResources/S_Terrain.ubulk" 177
"../../../Engine/Content/EditorResources/S_Trigger.uasset" 178
"../../../Engine/Content/EditorResources/S_Trigger.uexp" 179
"../../../Engine/Content/EditorResources/S_Trigger.ubulk" 180
"../../../Engine/Content/EditorResources/S_TriggerBox.uasset" 181
"../../../Engine/Content/EditorResources/S_TriggerBox.uexp" 182
"../../../Engine/Content/EditorResources/S_TriggerCapsule.uasset" 183
"../../../Engine/Content/EditorResources/S_TriggerCapsule.uexp" 184
"../../../Engine/Content/EditorResources/S_TriggerSphere.uasset" 185
"../../../Engine/Content/EditorResources/S_TriggerSphere.uexp" 186
"../../../Engine/Content/EditorResources/LightIcons/S_LightError.uasset" 187
"../../../Engine/Content/EditorResources/LightIcons/S_LightError.uexp" 188
"../../../Engine/Content/EditorResources/SequenceRecorder/Countdown.uasset" 189
"../../../Engine/Content/EditorResources/SequenceRecorder/Countdown.uexp" 190
"../../../Engine/Content/EditorResources/SequenceRecorder/RecordingIndicator.uasset" 191
"../../../Engine/Content/EditorResources/SequenceRecorder/RecordingIndicator.uexp" 192
"../../../Engine/Content/EngineDamageTypes/DmgTypeBP_Environmental.uasset" 193
"../../../Engine/Content/EngineDamageTypes/DmgTypeBP_Environmental.uexp" 194
"../../../Engine/Content/EngineDebugMaterials/DebugEditorMaterial.uasset" 195
"../../../Engine/Content/EngineDebugMaterials/DebugEditorMaterial.uexp" 196
"../../../Engine/Content/EngineDebugMaterials/DebugMeshMaterial.uasset" 197
"../../../Engine/Content/EngineDebugMaterials/DebugMeshMaterial.uexp" 198
"../../../Engine/Content/EngineDebugMaterials/M_SimpleUnlitTranslucent.uasset" 199
"../../../Engine/Content/EngineDebugMaterials/M_SimpleUnlitTranslucent.uexp" 200
"../../../Engine/Content/Functions/Engine_MaterialFunctions02/Utility/CameraDirectionVector.uasset" 201
"../../../Engine/Content/Functions/Engine_MaterialFunctions02/Utility/CameraDirectionVector.uexp" 202
"../../../Engine/Content/EngineDebugMaterials/VolumeToRender.uasset" 203
"../../../Engine/Content/EngineDebugMaterials/VolumeToRender.uexp" 204
"../../../Engine/Content/EngineDebugMaterials/M_VolumeRenderSphereTracePP.uasset" 205
"../../../Engine/Content/EngineDebugMaterials/M_VolumeRenderSphereTracePP.uexp" 206
"../../../Engine/Content/Functions/Engine_MaterialFunctions01/Shading/ConvertFromDiffSpec.uasset" 207
"../../../Engine/Content/Functions/Engine_MaterialFunctions01/Shading/ConvertFromDiffSpec.uexp" 208
"../../../Engine/Content/EngineDebugMaterials/VertexColorMaterial.uasset" 209
"../../../Engine/Content/EngineDebugMaterials/VertexColorMaterial.uexp" 210
"../../../Engine/Content/EngineDebugMaterials/WireframeMaterial.uasset" 211
"../../../Engine/Content/EngineDebugMaterials/WireframeMaterial.uexp" 212
"../../../Engine/Content/EngineFonts/Faces/RobotoBold.uasset" 213
"../../../Engine/Content/EngineFonts/Faces/RobotoBold.uexp" 214
"../../../Engine/Content/EngineFonts/Faces/RobotoBold.ufont" 215
"../../../Engine/Content/EngineFonts/Faces/RobotoRegular.uasset" 216
"../../../Engine/Content/EngineFonts/Faces/RobotoRegular.uexp" 217
"../../../Engine/Content/EngineFonts/Faces/RobotoRegular.ufont" 218
"../../../Engine/Content/EngineFonts/Faces/DroidSansFallback.uasset" 219
"../../../Engine/Content/EngineFonts/Faces/DroidSansFallback.uexp" 220
"../../../Engine/Content/EngineFonts/Faces/DroidSansFallback.ufont" 221
"../../../Engine/Content/EngineFonts/Faces/RobotoLight.uasset" 222
"../../../Engine/Content/EngineFonts/Faces/RobotoLight.uexp" 223
"../../../Engine/Content/EngineFonts/Faces/RobotoLight.ufont" 224
"../../../Engine/Content/EngineFonts/Faces/RobotoItalic.uasset" 225
"../../../Engine/Content/EngineFonts/Faces/RobotoItalic.uexp" 226
"../../../Engine/Content/EngineFonts/Faces/RobotoItalic.ufont" 227
"../../../Engine/Content/EngineFonts/Faces/RobotoBoldItalic.uasset" 228
"../../../Engine/Content/EngineFonts/Faces/RobotoBoldItalic.uexp" 229
"../../../Engine/Content/EngineFonts/Faces/RobotoBoldItalic.ufont" 230
"../../../Engine/Content/EngineFonts/Roboto.uasset" 231
"../../../Engine/Content/EngineFonts/Roboto.uexp" 232
"../../../Engine/Content/EngineMaterials/BaseFlattenGrayscaleMap.uasset" 233
"../../../Engine/Content/EngineMaterials/BaseFlattenGrayscaleMap.uexp" 234
"../../../Engine/Content/EngineMaterials/BaseFlattenNormalMap.uasset" 235
"../../../Engine/Content/EngineMaterials/BaseFlattenNormalMap.uexp" 236
"../../../Engine/Content/EngineMaterials/BaseFlattenEmissiveMap.uasset" 237
"../../../Engine/Content/EngineMaterials/BaseFlattenEmissiveMap.uexp" 238
"../../../Engine/Content/EngineMaterials/BaseFlattenDiffuseMap.uasset" 239
"../../../Engine/Content/EngineMaterials/BaseFlattenDiffuseMap.uexp" 240
"../../../Engine/Content/EngineMaterials/BaseFlattenMaterial.uasset" 241
"../../../Engine/Content/EngineMaterials/BaseFlattenMaterial.uexp" 242
"../../../Engine/Content/EngineMaterials/BaseFlattenEmissiveMap_VT.uasset" 243
"../../../Engine/Content/EngineMaterials/BaseFlattenEmissiveMap_VT.uexp" 244
"../../../Engine/Content/EngineMaterials/BaseFlattenGrayscaleMap_VT.uasset" 245
"../../../Engine/Content/EngineMaterials/BaseFlattenGrayscaleMap_VT.uexp" 246
"../../../Engine/Content/EngineMaterials/BaseFlattenNormalMap_VT.uasset" 247
"../../../Engine/Content/EngineMaterials/BaseFlattenNormalMap_VT.uexp" 248
"../../../Engine/Content/EngineMaterials/BaseFlattenDiffuseMap_VT.uasset" 249
"../../../Engine/Content/EngineMaterials/BaseFlattenDiffuseMap_VT.uexp" 250
"../../../Engine/Content/EngineMaterials/BaseFlattenMaterial_VT.uasset" 251
"../../../Engine/Content/EngineMaterials/BaseFlattenMaterial_VT.uexp" 252
"../../../Engine/Content/EngineMaterials/BlueNoise.uasset" 253
"../../../Engine/Content/EngineMaterials/BlueNoise.uexp" 254
"../../../Engine/Content/EngineMaterials/DefaultBloomKernel.uasset" 255
"../../../Engine/Content/EngineMaterials/DefaultBloomKernel.uexp" 256
"../../../Engine/Content/EngineMaterials/DefaultBokeh.uasset" 257
"../../../Engine/Content/EngineMaterials/DefaultBokeh.uexp" 258
"../../../Engine/Content/EngineMaterials/DefaultDiffuse.uasset" 259
"../../../Engine/Content/EngineMaterials/DefaultDiffuse.uexp" 260
"../../../Engine/Content/EngineMaterials/DefaultDiffuse.ubulk" 261
"../../../Engine/Content/EngineMaterials/DefaultDeferredDecalMaterial.uasset" 262
"../../../Engine/Content/EngineMaterials/DefaultDeferredDecalMaterial.uexp" 263
"../../../Engine/Content/EngineMaterials/DefaultLightFunctionMaterial.uasset" 264
"../../../Engine/Content/EngineMaterials/DefaultLightFunctionMaterial.uexp" 265
"../../../Engine/Content/EngineMaterials/DefaultPhysicalMaterial.uasset" 266
"../../../Engine/Content/EngineMaterials/DefaultPhysicalMaterial.uexp" 267
"../../../Engine/Content/Functions/Engine_MaterialFunctions02/Utility/BreakOutFloat2Components.uasset" 268
"../../../Engine/Content/Functions/Engine_MaterialFunctions02/Utility/BreakOutFloat2Components.uexp" 269
"../../../Engine/Content/EngineMaterials/DefaultPostProcessMaterial.uasset" 270
"../../../Engine/Content/EngineMaterials/DefaultPostProcessMaterial.uexp" 271
"../../../Engine/Content/EngineFonts/RobotoDistanceField.uasset" 272
"../../../Engine/Content/EngineFonts/RobotoDistanceField.uexp" 273
"../../../Engine/Content/EngineMaterials/DefaultTextMaterialOpaque.uasset" 274
"../../../Engine/Content/EngineMaterials/DefaultTextMaterialOpaque.uexp" 275
"../../../Engine/Content/EngineMaterials/DefaultWhiteGrid.uasset" 276
"../../../Engine/Content/EngineMaterials/DefaultWhiteGrid.uexp" 277
"../../../Engine/Content/EngineMaterials/DefaultWhiteGrid.ubulk" 278
"../../../Engine/Content/EngineMaterials/DefaultWhiteGrid_Low.uasset" 279
"../../../Engine/Content/EngineMaterials/DefaultWhiteGrid_Low.uexp" 280
"../../../Engine/Content/EngineMaterials/EmissiveMeshMaterial.uasset" 281
"../../../Engine/Content/EngineMaterials/EmissiveMeshMaterial.uexp" 282
"../../../Engine/Content/EngineMaterials/GizmoMaterial.uasset" 283
"../../../Engine/Content/EngineMaterials/GizmoMaterial.uexp" 284
"../../../Engine/Content/EngineMaterials/Good64x64TilingNoiseHighFreq.uasset" 285
"../../../Engine/Content/EngineMaterials/Good64x64TilingNoiseHighFreq.uexp" 286
"../../../Engine/Content/EngineMaterials/MiniFont.uasset" 287
"../../../Engine/Content/EngineMaterials/MiniFont.uexp" 288
"../../../Engine/Content/EngineMaterials/InvalidLightmapSettings.uasset" 289
"../../../Engine/Content/EngineMaterials/InvalidLightmapSettings.uexp" 290
"../../../Engine/Content/EngineMaterials/InvalidLightmapSettings.ubulk" 291
"../../../Engine/Content/EngineMaterials/M_InvalidLightmapSettings.uasset" 292
"../../../Engine/Content/EngineMaterials/M_InvalidLightmapSettings.uexp" 293
"../../../Engine/Content/Functions/Engine_MaterialFunctions02/WorldPositionOffset/CameraOffset.uasset" 294
"../../../Engine/Content/Functions/Engine_MaterialFunctions02/WorldPositionOffset/CameraOffset.uexp" 295
"../../../Engine/Content/EngineMaterials/PhAT_JointLimitMaterial.uasset" 296
"../../../Engine/Content/EngineMaterials/PhAT_JointLimitMaterial.uexp" 297
"../../../Engine/Content/EngineMaterials/PreintegratedSkinBRDF.uasset" 298
"../../../Engine/Content/EngineMaterials/PreintegratedSkinBRDF.uexp" 299
"../../../Engine/Content/EngineMaterials/RemoveSurfaceMaterial.uasset" 300
"../../../Engine/Content/EngineMaterials/RemoveSurfaceMaterial.uexp" 301
"../../../Engine/Content/EngineMaterials/WeightMapPlaceholderTexture.uasset" 302
"../../../Engine/Content/EngineMaterials/WeightMapPlaceholderTexture.uexp" 303
"../../../Engine/Content/EngineResources/WhiteSquareTexture.uasset" 304
"../../../Engine/Content/EngineResources/WhiteSquareTexture.uexp" 305
"../../../Engine/Content/EngineMaterials/Widget3DPassThrough.uasset" 306
"../../../Engine/Content/EngineMaterials/Widget3DPassThrough.uexp" 307
"../../../Engine/Content/EngineMaterials/Widget3DPassThrough_Masked.uasset" 308
"../../../Engine/Content/EngineMaterials/Widget3DPassThrough_Masked.uexp" 309
"../../../Engine/Content/EngineMaterials/Widget3DPassThrough_Opaque.uasset" 310
"../../../Engine/Content/EngineMaterials/Widget3DPassThrough_Opaque.uexp" 311
"../../../Engine/Content/EngineMaterials/Widget3DPassThrough_Masked_OneSided.uasset" 312
"../../../Engine/Content/EngineMaterials/Widget3DPassThrough_Masked_OneSided.uexp" 313
"../../../Engine/Content/EngineMaterials/Widget3DPassThrough_Opaque_OneSided.uasset" 314
"../../../Engine/Content/EngineMaterials/Widget3DPassThrough_Opaque_OneSided.uexp" 315
"../../../Engine/Content/EngineMaterials/Widget3DPassThrough_Translucent.uasset" 316
"../../../Engine/Content/EngineMaterials/Widget3DPassThrough_Translucent.uexp" 317
"../../../Engine/Content/EngineMaterials/Widget3DPassThrough_Translucent_OneSided.uasset" 318
"../../../Engine/Content/EngineMaterials/Widget3DPassThrough_Translucent_OneSided.uexp" 319
"../../../Engine/Content/EngineMeshes/Sphere.uasset" 320
"../../../Engine/Content/EngineMeshes/Sphere.uexp" 321
"../../../Engine/Content/EngineResources/Black.uasset" 322
"../../../Engine/Content/EngineResources/Black.uexp" 323
"../../../Engine/Content/EngineResources/DefaultTextureCube.uasset" 324
"../../../Engine/Content/EngineResources/DefaultTextureCube.uexp" 325
"../../../Engine/Content/EngineResources/DefaultVolumeTexture2D.uasset" 326
"../../../Engine/Content/EngineResources/DefaultVolumeTexture2D.uexp" 327
"../../../Engine/Content/EngineResources/DefaultVolumeTexture.uasset" 328
"../../../Engine/Content/EngineResources/DefaultVolumeTexture.uexp" 329
"../../../Engine/Content/EngineResources/GradientTexture0.uasset" 330
"../../../Engine/Content/EngineResources/GradientTexture0.uexp" 331
"../../../Engine/Content/EngineSky/VolumetricClouds/T_NoiseErosion.uasset" 332
"../../../Engine/Content/EngineSky/VolumetricClouds/T_NoiseErosion.uexp" 333
"../../../Engine/Content/EngineSky/VolumetricClouds/T_NoiseErosion.ubulk" 334
"../../../Engine/Content/EngineSky/VolumetricClouds/T_VolumeNoiseErosion32.uasset" 335
"../../../Engine/Content/EngineSky/VolumetricClouds/T_VolumeNoiseErosion32.uexp" 336
"../../../Engine/Content/EngineSky/VolumetricClouds/CloudGradientTexture.uasset" 337
"../../../Engine/Content/EngineSky/VolumetricClouds/CloudGradientTexture.uexp" 338
"../../../Engine/Content/EngineSky/VolumetricClouds/CloudWeatherTexture.uasset" 339
"../../../Engine/Content/EngineSky/VolumetricClouds/CloudWeatherTexture.uexp" 340
"../../../Engine/Content/EngineSky/VolumetricClouds/T_NoiseShape64.uasset" 341
"../../../Engine/Content/EngineSky/VolumetricClouds/T_NoiseShape64.uexp" 342
"../../../Engine/Content/EngineSky/VolumetricClouds/T_NoiseShape64.ubulk" 343
"../../../Engine/Content/EngineSky/VolumetricClouds/T_VolumeNoiseShape64.uasset" 344
"../../../Engine/Content/EngineSky/VolumetricClouds/T_VolumeNoiseShape64.uexp" 345
"../../../Engine/Content/Functions/Engine_MaterialFunctions02/Utility/MakeFloat2.uasset" 346
"../../../Engine/Content/Functions/Engine_MaterialFunctions02/Utility/MakeFloat2.uexp" 347
"../../../Engine/Content/EngineSky/VolumetricClouds/m_SimpleVolumetricCloud.uasset" 348
"../../../Engine/Content/EngineSky/VolumetricClouds/m_SimpleVolumetricCloud.uexp" 349
"../../../Engine/Content/EngineSky/VolumetricClouds/m_SimpleVolumetricCloud_Inst.uasset" 350
"../../../Engine/Content/EngineSky/VolumetricClouds/m_SimpleVolumetricCloud_Inst.uexp" 351
"../../../Engine/Content/EngineSounds/Master.uasset" 352
"../../../Engine/Content/EngineSounds/Master.uexp" 353
"../../../Engine/Content/Functions/Engine_MaterialFunctions01/Shading/PowerToRoughness.uasset" 354
"../../../Engine/Content/Functions/Engine_MaterialFunctions01/Shading/PowerToRoughness.uexp" 355
"../../../Engine/Content/Maps/Templates/Thumbnails/Default.uasset" 356
"../../../Engine/Content/Maps/Templates/Thumbnails/Default.uexp" 357
"../../../Engine/Content/Maps/Templates/Thumbnails/TimeOfDay.uasset" 358
"../../../Engine/Content/Maps/Templates/Thumbnails/TimeOfDay.uexp" 359
"../../../Engine/Content/Maps/Templates/Thumbnails/VR-Basic.uasset" 360
"../../../Engine/Content/Maps/Templates/Thumbnails/VR-Basic.uexp" 361
"../../../Engine/Content/MobileResources/T_MobileControls_texture.uasset" 362
"../../../Engine/Content/MobileResources/T_MobileControls_texture.uexp" 363
"../../../Engine/Content/MobileResources/T_MobileMenu2.uasset" 364
"../../../Engine/Content/MobileResources/T_MobileMenu2.uexp" 365
"../../../Engine/Content/MobileResources/HUD/AnalogHat.uasset" 366
"../../../Engine/Content/MobileResources/HUD/AnalogHat.uexp" 367
"../../../Engine/Content/MobileResources/HUD/VirtualJoystick_Background.uasset" 368
"../../../Engine/Content/MobileResources/HUD/VirtualJoystick_Background.uexp" 369
"../../../Engine/Content/MobileResources/HUD/VirtualJoystick_Thumb.uasset" 370
"../../../Engine/Content/MobileResources/HUD/VirtualJoystick_Thumb.uexp" 371
"../../../Engine/Content/MobileResources/HUD/DefaultVirtualJoysticks.uasset" 372
"../../../Engine/Content/MobileResources/HUD/DefaultVirtualJoysticks.uexp" 373
"../../../Engine/Content/MobileResources/HUD/LeftVirtualJoystickOnly.uasset" 374
"../../../Engine/Content/MobileResources/HUD/LeftVirtualJoystickOnly.uexp" 375
"../../../Engine/Content/MobileResources/HUD/MobileHUDButton1_off.uasset" 376
"../../../Engine/Content/MobileResources/HUD/MobileHUDButton1_off.uexp" 377
"../../../Engine/Content/MobileResources/HUD/MobileHUDButton1_on.uasset" 378
"../../../Engine/Content/MobileResources/HUD/MobileHUDButton1_on.uexp" 379
"../../../Engine/Content/MobileResources/HUD/MobileHUDButton2_off.uasset" 380
"../../../Engine/Content/MobileResources/HUD/MobileHUDButton2_off.uexp" 381
"../../../Engine/Content/MobileResources/HUD/MobileHUDButton2_on.uasset" 382
"../../../Engine/Content/MobileResources/HUD/MobileHUDButton2_on.uexp" 383
"../../../Engine/Content/MobileResources/HUD/MobileHUDButton3.uasset" 384
"../../../Engine/Content/MobileResources/HUD/MobileHUDButton3.uexp" 385
"../../../Engine/Content/MobileResources/HUD/MobileHUDButtonFire.uasset" 386
"../../../Engine/Content/MobileResources/HUD/MobileHUDButtonFire.uexp" 387
"../../../Engine/Content/MobileResources/HUD/MobileHUDDirectionPad.uasset" 388
"../../../Engine/Content/MobileResources/HUD/MobileHUDDirectionPad.uexp" 389
"../../../Engine/Content/MobileResources/HUD/MobileHUDDirectionPad2.uasset" 390
"../../../Engine/Content/MobileResources/HUD/MobileHUDDirectionPad2.uexp" 391
"../../../Engine/Content/MobileResources/HUD/MobileHUDDirectionPad3.uasset" 392
"../../../Engine/Content/MobileResources/HUD/MobileHUDDirectionPad3.uexp" 393
"../../../Engine/Content/MobileResources/HUD/MobileHUDDirectionStick.uasset" 394
"../../../Engine/Content/MobileResources/HUD/MobileHUDDirectionStick.uexp" 395
"../../../Engine/Content/MobileResources/HUD/T_Castle_ThumbstickInner.uasset" 396
"../../../Engine/Content/MobileResources/HUD/T_Castle_ThumbstickInner.uexp" 397
"../../../Engine/Content/MobileResources/HUD/T_Castle_ThumbstickOutter.uasset" 398
"../../../Engine/Content/MobileResources/HUD/T_Castle_ThumbstickOutter.uexp" 399
"../../../Engine/Content/Tutorial/ContentIntroCurve.uasset" 400
"../../../Engine/Content/Tutorial/ContentIntroCurve.uexp" 401
"../../../Engine/Content/Tutorial/BlueprintTutorials/TutorialAssets/Blueprint_64x.uasset" 402
"../../../Engine/Content/Tutorial/BlueprintTutorials/TutorialAssets/Blueprint_64x.uexp" 403
"../../../Engine/Content/VREditor/LaserPointer/VR_LaserPower_01.uasset" 404
"../../../Engine/Content/VREditor/LaserPointer/VR_LaserPower_01.uexp" 405
"../../../Engine/Content/VREditor/LaserPointer/VR_LaserPower_01.ubulk" 406
"../../../Engine/Content/VREditor/TransformGizmo/TransformGizmoMaterial.uasset" 407
"../../../Engine/Content/VREditor/TransformGizmo/TransformGizmoMaterial.uexp" 408
"../../../Engine/Content/VREditor/TransformGizmo/TranslucentTransformGizmoMaterial.uasset" 409
"../../../Engine/Content/VREditor/TransformGizmo/TranslucentTransformGizmoMaterial.uexp" 410
"../../../Engine/Content/VREditor/TransformGizmo/BoundingBoxCorner.uasset" 411
"../../../Engine/Content/VREditor/TransformGizmo/BoundingBoxCorner.uexp" 412
"../../../Engine/Content/VREditor/TransformGizmo/BoundingBoxEdge.uasset" 413
"../../../Engine/Content/VREditor/TransformGizmo/BoundingBoxEdge.uexp" 414
"../../../Engine/Content/VREditor/TransformGizmo/PlaneTranslationHandle.uasset" 415
"../../../Engine/Content/VREditor/TransformGizmo/PlaneTranslationHandle.uexp" 416
"../../../Engine/Content/VREditor/TransformGizmo/Xray.uasset" 417
"../../../Engine/Content/VREditor/TransformGizmo/Xray.uexp" 418
"../../../Engine/Content/VREditor/TransformGizmo/Main.uasset" 419
"../../../Engine/Content/VREditor/TransformGizmo/Main.uexp" 420
"../../../Engine/Content/VREditor/TransformGizmo/SM_Sequencer_Key.uasset" 421
"../../../Engine/Content/VREditor/TransformGizmo/SM_Sequencer_Key.uexp" 422
"../../../Engine/Content/VREditor/TransformGizmo/SM_Sequencer_Node.uasset" 423
"../../../Engine/Content/VREditor/TransformGizmo/SM_Sequencer_Node.uexp" 424
"../../../Engine/Content/Functions/Engine_MaterialFunctions02/ObjectLocalBounds.uasset" 425
"../../../Engine/Content/Functions/Engine_MaterialFunctions02/ObjectLocalBounds.uexp" 426
"../../../Engine/Content/Functions/Engine_MaterialFunctions02/UVs/BoundingBoxBased_0-1_UVW.uasset" 427
"../../../Engine/Content/Functions/Engine_MaterialFunctions02/UVs/BoundingBoxBased_0-1_UVW.uexp" 428
"../../../Engine/Plugins/Editor/SpeedTreeImporter/Content/SpeedTree9/game_wind_noise.uasset" 429
"../../../Engine/Plugins/Editor/SpeedTreeImporter/Content/SpeedTree9/game_wind_noise.uexp" 430
"../../../Engine/Plugins/Editor/SpeedTreeImporter/Content/SpeedTree9/game_wind_noise.ubulk" 431
"../../../Engine/Plugins/Editor/SpeedTreeImporter/Content/SpeedTree9/SpeedTreeBillboard.uasset" 432
"../../../Engine/Plugins/Editor/SpeedTreeImporter/Content/SpeedTree9/SpeedTreeBillboard.uexp" 433
"../../../Engine/Content/Functions/Engine_MaterialFunctions02/SafeNormalize.uasset" 434
"../../../Engine/Content/Functions/Engine_MaterialFunctions02/SafeNormalize.uexp" 435
"../../../Engine/Plugins/Editor/SpeedTreeImporter/Content/SpeedTree9/SpeedTreeWindMotion.uasset" 436
"../../../Engine/Plugins/Editor/SpeedTreeImporter/Content/SpeedTree9/SpeedTreeWindMotion.uexp" 437
"../../../Engine/Plugins/Editor/SpeedTreeImporter/Content/SpeedTree9/UnpackDirection.uasset" 438
"../../../Engine/Plugins/Editor/SpeedTreeImporter/Content/SpeedTree9/UnpackDirection.uexp" 439
"../../../Engine/Plugins/Editor/SpeedTreeImporter/Content/SpeedTree9/UnpackInteger3.uasset" 440
"../../../Engine/Plugins/Editor/SpeedTreeImporter/Content/SpeedTree9/UnpackInteger3.uexp" 441
"../../../Engine/Plugins/Editor/SpeedTreeImporter/Content/SpeedTree9/SpeedTreeBranchMotion.uasset" 442
"../../../Engine/Plugins/Editor/SpeedTreeImporter/Content/SpeedTree9/SpeedTreeBranchMotion.uexp" 443
"../../../Engine/Plugins/Editor/SpeedTreeImporter/Content/SpeedTree9/SpeedTreeWind.uasset" 444
"../../../Engine/Plugins/Editor/SpeedTreeImporter/Content/SpeedTree9/SpeedTreeWind.uexp" 445
"../../../Engine/Content/EngineResources/DefaultTexture.uasset" 446
"../../../Engine/Content/EngineResources/DefaultTexture.uexp" 447
"../../../Engine/Content/EngineResources/DefaultTexture.ubulk" 448
"../../../Engine/Plugins/Editor/SpeedTreeImporter/Content/SpeedTree9/SpeedTreeBillboardMaster.uasset" 449
"../../../Engine/Plugins/Editor/SpeedTreeImporter/Content/SpeedTree9/SpeedTreeBillboardMaster.uexp" 450
"../../../Engine/Plugins/Editor/SpeedTreeImporter/Content/SpeedTree9/SpeedTreeCameraFacing.uasset" 451
"../../../Engine/Plugins/Editor/SpeedTreeImporter/Content/SpeedTree9/SpeedTreeCameraFacing.uexp" 452
"../../../Engine/Plugins/Editor/SpeedTreeImporter/Content/SpeedTree9/SpeedTreeMaster.uasset" 453
"../../../Engine/Plugins/Editor/SpeedTreeImporter/Content/SpeedTree9/SpeedTreeMaster.uexp" 454
"../../../Engine/Content/ArtTools/RenderToTexture/Materials/Debug/M_Emissive_Color.uasset" 455
"../../../Engine/Content/ArtTools/RenderToTexture/Materials/Debug/M_Emissive_Color.uexp" 456
"../../../Engine/Content/BasicShapes/Cylinder.uasset" 457
"../../../Engine/Content/BasicShapes/Cylinder.uexp" 458
"../../../Engine/Plugins/Lumin/MagicLeapPassableWorld/Content/MagicLeapARPinInfoActor.uasset" 459
"../../../Engine/Plugins/Lumin/MagicLeapPassableWorld/Content/MagicLeapARPinInfoActor.uexp" 460
"../../../Engine/Plugins/Runtime/HairStrands/Content/Materials/HairCardsDefaultMaterial.uasset" 461
"../../../Engine/Plugins/Runtime/HairStrands/Content/Materials/HairCardsDefaultMaterial.uexp" 462
"../../../Engine/Content/EngineMaterials/HairColorMap.uasset" 463
"../../../Engine/Content/EngineMaterials/HairColorMap.uexp" 464
"../../../Engine/Content/EngineMaterials/HairDebugColor.uasset" 465
"../../../Engine/Content/EngineMaterials/HairDebugColor.uexp" 466
"../../../Engine/Plugins/Runtime/HairStrands/Content/Materials/HairDebugMaterial.uasset" 467
"../../../Engine/Plugins/Runtime/HairStrands/Content/Materials/HairDebugMaterial.uexp" 468
"../../../Engine/Plugins/Runtime/HairStrands/Content/Materials/HairDefaultMaterial.uasset" 469
"../../../Engine/Plugins/Runtime/HairStrands/Content/Materials/HairDefaultMaterial.uexp" 470
"../../../Engine/Plugins/Runtime/HairStrands/Content/Materials/HairMeshesDefaultMaterial.uasset" 471
"../../../Engine/Plugins/Runtime/HairStrands/Content/Materials/HairMeshesDefaultMaterial.uexp" 472
"../../../Engine/Content/Functions/Engine_MaterialFunctions02/Utility/BreakOutFloat4Components.uasset" 473
"../../../Engine/Content/Functions/Engine_MaterialFunctions02/Utility/BreakOutFloat4Components.uexp" 474
"../../../Engine/Plugins/Runtime/Oculus/OculusVR/Content/Materials/OculusMR_ChromaKey.uasset" 475
"../../../Engine/Plugins/Runtime/Oculus/OculusVR/Content/Materials/OculusMR_ChromaKey.uexp" 476
"../../../Engine/Plugins/Runtime/Oculus/OculusVR/Content/Materials/OculusMR_OpaqueColoredMaterial.uasset" 477
"../../../Engine/Plugins/Runtime/Oculus/OculusVR/Content/Materials/OculusMR_OpaqueColoredMaterial.uexp" 478
"../../../Engine/Plugins/Runtime/Oculus/OculusVR/Content/Materials/PokeAHoleMaterial.uasset" 479
"../../../Engine/Plugins/Runtime/Oculus/OculusVR/Content/Materials/PokeAHoleMaterial.uexp" 480
"C:/Users/Pepe/Documents/Unreal Projects/mult_side_scr_test 5.0/Content/Blueprints_CP/Gameplay/GameplayPC_CP.uasset" 481
"C:/Users/Pepe/Documents/Unreal Projects/mult_side_scr_test 5.0/Content/Blueprints_CP/Gameplay/GameplayPC_CP.uexp" 482
"C:/Users/Pepe/Documents/Unreal Projects/mult_side_scr_test 5.0/Content/Blueprints_CP/Characters/0_Base.uasset" 483
"C:/Users/Pepe/Documents/Unreal Projects/mult_side_scr_test 5.0/Content/Blueprints_CP/Characters/0_Base.uexp" 484
"C:/Users/Pepe/Documents/Unreal Projects/mult_side_scr_test 5.0/Content/Blueprints_CP/Gameplay/GameplayGM_CP.uasset" 485
"C:/Users/Pepe/Documents/Unreal Projects/mult_side_scr_test 5.0/Content/Blueprints_CP/Gameplay/GameplayGM_CP.uexp" 486
"../../../Engine/Content/EngineSky/T_Sky_Blue.uasset" 487
"../../../Engine/Content/EngineSky/T_Sky_Blue.uexp" 488
"../../../Engine/Content/EngineSky/T_Sky_Blue.ubulk" 489
"../../../Engine/Content/EngineSky/T_Sky_Clouds_M.uasset" 490
"../../../Engine/Content/EngineSky/T_Sky_Clouds_M.uexp" 491
"../../../Engine/Content/EngineSky/T_Sky_Clouds_M.ubulk" 492
"../../../Engine/Content/EngineSky/T_Sky_Stars.uasset" 493
"../../../Engine/Content/EngineSky/T_Sky_Stars.uexp" 494
"../../../Engine/Content/EngineSky/T_Sky_Stars.ubulk" 495
"../../../Engine/Content/EngineSky/M_Sky_Panning_Clouds2.uasset" 496
"../../../Engine/Content/EngineSky/M_Sky_Panning_Clouds2.uexp" 497
"../../../Engine/Content/EngineSky/C_Sky_Zenith_Color.uasset" 498
"../../../Engine/Content/EngineSky/C_Sky_Zenith_Color.uexp" 499
"../../../Engine/Content/EngineSky/SM_SkySphere.uasset" 500
"../../../Engine/Content/EngineSky/SM_SkySphere.uexp" 501
"../../../Engine/Content/EngineSky/C_Sky_Cloud_Color.uasset" 502
"../../../Engine/Content/EngineSky/C_Sky_Cloud_Color.uexp" 503
"../../../Engine/Content/EngineSky/C_Sky_Horizon_Color.uasset" 504
"../../../Engine/Content/EngineSky/C_Sky_Horizon_Color.uexp" 505
"../../../Engine/Content/EngineSky/BP_Sky_Sphere.uasset" 506
"../../../Engine/Content/EngineSky/BP_Sky_Sphere.uexp" 507
"../../../Engine/Content/Functions/Engine_MaterialFunctions03/Procedurals/ComputeFilterWidth.uasset" 508
"../../../Engine/Content/Functions/Engine_MaterialFunctions03/Procedurals/ComputeFilterWidth.uexp" 509
"../../../Engine/Content/EngineMaterials/AntiAliasedTextMaterialTranslucent.uasset" 510
"../../../Engine/Content/EngineMaterials/AntiAliasedTextMaterialTranslucent.uexp" 511
"C:/Users/Pepe/Documents/Unreal Projects/mult_side_scr_test 5.0/Content/Geometry/Meshes/CubeMaterial.uasset" 512
"C:/Users/Pepe/Documents/Unreal Projects/mult_side_scr_test 5.0/Content/Geometry/Meshes/CubeMaterial.uexp" 513
"C:/Users/Pepe/Documents/Unreal Projects/mult_side_scr_test 5.0/Content/Geometry/Meshes/1M_Cube.uasset" 514
"C:/Users/Pepe/Documents/Unreal Projects/mult_side_scr_test 5.0/Content/Geometry/Meshes/1M_Cube.uexp" 515
"C:/Users/Pepe/Documents/Unreal Projects/mult_side_scr_test 5.0/Content/Maps_CP/Arena_01_CP.uexp" 516
"C:/Users/Pepe/Documents/Unreal Projects/mult_side_scr_test 5.0/Content/Maps_CP/Arena_01_CP.umap" 517
"C:/Users/Pepe/Documents/Unreal Projects/mult_side_scr_test 5.0/Content/Maps_CP/Arena_02_CP.uexp" 518
"C:/Users/Pepe/Documents/Unreal Projects/mult_side_scr_test 5.0/Content/Maps_CP/Arena_02_CP.umap" 519
"C:/Users/Pepe/Documents/Unreal Projects/mult_side_scr_test 5.0/Content/Blueprints_CP/Lobby/Lobby_GameplayPC_CP.uasset" 520
"C:/Users/Pepe/Documents/Unreal Projects/mult_side_scr_test 5.0/Content/Blueprints_CP/Lobby/Lobby_GameplayPC_CP.uexp" 521
"C:/Users/Pepe/Documents/Unreal Projects/mult_side_scr_test 5.0/Content/Blueprints_CP/Lobby/Lobby_GameplayGM_CP.uasset" 522
"C:/Users/Pepe/Documents/Unreal Projects/mult_side_scr_test 5.0/Content/Blueprints_CP/Lobby/Lobby_GameplayGM_CP.uexp" 523
"../../../Engine/Content/MapTemplates/SM_Template_Map_Floor.uasset" 524
"../../../Engine/Content/MapTemplates/SM_Template_Map_Floor.uexp" 525
"C:/Users/Pepe/Documents/Unreal Projects/mult_side_scr_test 5.0/Content/Maps_CP/Lobby_CP_BuiltData.uasset" 526
"C:/Users/Pepe/Documents/Unreal Projects/mult_side_scr_test 5.0/Content/Maps_CP/Lobby_CP_BuiltData.uexp" 527
"C:/Users/Pepe/Documents/Unreal Projects/mult_side_scr_test 5.0/Content/Maps_CP/Lobby_CP_BuiltData.ubulk" 528
"C:/Users/Pepe/Documents/Unreal Projects/mult_side_scr_test 5.0/Content/Maps_CP/Lobby_CP.uexp" 529
"C:/Users/Pepe/Documents/Unreal Projects/mult_side_scr_test 5.0/Content/Maps_CP/Lobby_CP.umap" 530
"C:/Users/Pepe/Documents/Unreal Projects/mult_side_scr_test 5.0/Content/UI_CP/AllLevels/Loading_screen.uasset" 531
"C:/Users/Pepe/Documents/Unreal Projects/mult_side_scr_test 5.0/Content/UI_CP/AllLevels/Loading_screen.uexp" 532
"C:/Users/Pepe/Documents/Unreal Projects/mult_side_scr_test 5.0/Content/Fonts_CP/Cybrpnuk2.uasset" 533
"C:/Users/Pepe/Documents/Unreal Projects/mult_side_scr_test 5.0/Content/Fonts_CP/Cybrpnuk2.uexp" 534
"C:/Users/Pepe/Documents/Unreal Projects/mult_side_scr_test 5.0/Content/Fonts_CP/Cybrpnuk2.ufont" 535
"C:/Users/Pepe/Documents/Unreal Projects/mult_side_scr_test 5.0/Content/Fonts_CP/Cybrpnuk2_Font.uasset" 536
"C:/Users/Pepe/Documents/Unreal Projects/mult_side_scr_test 5.0/Content/Fonts_CP/Cybrpnuk2_Font.uexp" 537
"C:/Users/Pepe/Documents/Unreal Projects/mult_side_scr_test 5.0/Content/Fonts_CP/JAPAN-Bold.uasset" 538
"C:/Users/Pepe/Documents/Unreal Projects/mult_side_scr_test 5.0/Content/Fonts_CP/JAPAN-Bold.uexp" 539
"C:/Users/Pepe/Documents/Unreal Projects/mult_side_scr_test 5.0/Content/Fonts_CP/JAPAN-Bold.ufont" 540
"C:/Users/Pepe/Documents/Unreal Projects/mult_side_scr_test 5.0/Content/Fonts_CP/JAPAN-Bold_Font.uasset" 541
"C:/Users/Pepe/Documents/Unreal Projects/mult_side_scr_test 5.0/Content/Fonts_CP/JAPAN-Bold_Font.uexp" 542
"C:/Users/Pepe/Documents/Unreal Projects/mult_side_scr_test 5.0/Content/Fonts_CP/JAPAN-Italic.uasset" 543
"C:/Users/Pepe/Documents/Unreal Projects/mult_side_scr_test 5.0/Content/Fonts_CP/JAPAN-Italic.uexp" 544
"C:/Users/Pepe/Documents/Unreal Projects/mult_side_scr_test 5.0/Content/Fonts_CP/JAPAN-Italic.ufont" 545
"C:/Users/Pepe/Documents/Unreal Projects/mult_side_scr_test 5.0/Content/Fonts_CP/JAPAN-Italic_Font.uasset" 546
"C:/Users/Pepe/Documents/Unreal Projects/mult_side_scr_test 5.0/Content/Fonts_CP/JAPAN-Italic_Font.uexp" 547
"C:/Users/Pepe/Documents/Unreal Projects/mult_side_scr_test 5.0/Content/UI_CP/MainMenu/HostMenu.uasset" 548
"C:/Users/Pepe/Documents/Unreal Projects/mult_side_scr_test 5.0/Content/UI_CP/MainMenu/HostMenu.uexp" 549
"C:/Users/Pepe/Documents/Unreal Projects/mult_side_scr_test 5.0/Content/UI_CP/Sound/448086__breviceps__normal-click.uasset" 550
"C:/Users/Pepe/Documents/Unreal Projects/mult_side_scr_test 5.0/Content/UI_CP/Sound/448086__breviceps__normal-click.uexp" 551
"C:/Users/Pepe/Documents/Unreal Projects/mult_side_scr_test 5.0/Content/UI_CP/Sound/448086__breviceps__normal-click.ubulk" 552
"C:/Users/Pepe/Documents/Unreal Projects/mult_side_scr_test 5.0/Content/UI_CP/Sound/528561__jummit__soft-ui-button-click.uasset" 553
"C:/Users/Pepe/Documents/Unreal Projects/mult_side_scr_test 5.0/Content/UI_CP/Sound/528561__jummit__soft-ui-button-click.uexp" 554
"C:/Users/Pepe/Documents/Unreal Projects/mult_side_scr_test 5.0/Content/UI_CP/Sound/528561__jummit__soft-ui-button-click.ubulk" 555
"C:/Users/Pepe/Documents/Unreal Projects/mult_side_scr_test 5.0/Content/UI_CP/MainMenu/MainMenu.uasset" 556
"C:/Users/Pepe/Documents/Unreal Projects/mult_side_scr_test 5.0/Content/UI_CP/MainMenu/MainMenu.uexp" 557
"C:/Users/Pepe/Documents/Unreal Projects/mult_side_scr_test 5.0/Content/Blueprints_CP/AllLevels/PlayerInfo_CP.uasset" 558
"C:/Users/Pepe/Documents/Unreal Projects/mult_side_scr_test 5.0/Content/Blueprints_CP/AllLevels/PlayerInfo_CP.uexp" 559
"C:/Users/Pepe/Documents/Unreal Projects/mult_side_scr_test 5.0/Content/Blueprints_CP/AllLevels/PlayerSaveGame_CP.uasset" 560
"C:/Users/Pepe/Documents/Unreal Projects/mult_side_scr_test 5.0/Content/Blueprints_CP/AllLevels/PlayerSaveGame_CP.uexp" 561
"C:/Users/Pepe/Documents/Unreal Projects/mult_side_scr_test 5.0/Content/Textures_CP/Avatars/avatars-P4gz3hubRa36tWEs-QTxJGQ-t240x240.uasset" 562
"C:/Users/Pepe/Documents/Unreal Projects/mult_side_scr_test 5.0/Content/Textures_CP/Avatars/avatars-P4gz3hubRa36tWEs-QTxJGQ-t240x240.uexp" 563
"C:/Users/Pepe/Documents/Unreal Projects/mult_side_scr_test 5.0/Content/Textures_CP/Avatars/ce8563e8cdf6b86d9cc1417ba0021db9.uasset" 564
"C:/Users/Pepe/Documents/Unreal Projects/mult_side_scr_test 5.0/Content/Textures_CP/Avatars/ce8563e8cdf6b86d9cc1417ba0021db9.uexp" 565
"C:/Users/Pepe/Documents/Unreal Projects/mult_side_scr_test 5.0/Content/Textures_CP/Avatars/draw-cyberpunk-stuff-for-you.uasset" 566
"C:/Users/Pepe/Documents/Unreal Projects/mult_side_scr_test 5.0/Content/Textures_CP/Avatars/draw-cyberpunk-stuff-for-you.uexp" 567
"C:/Users/Pepe/Documents/Unreal Projects/mult_side_scr_test 5.0/Content/Textures_CP/Avatars/nana-dhebuadze-avatar.uasset" 568
"C:/Users/Pepe/Documents/Unreal Projects/mult_side_scr_test 5.0/Content/Textures_CP/Avatars/nana-dhebuadze-avatar.uexp" 569
"C:/Users/Pepe/Documents/Unreal Projects/mult_side_scr_test 5.0/Content/Textures_CP/Avatars/profileIcon_qlxer6lq7cg71.uasset" 570
"C:/Users/Pepe/Documents/Unreal Projects/mult_side_scr_test 5.0/Content/Textures_CP/Avatars/profileIcon_qlxer6lq7cg71.uexp" 571
"C:/Users/Pepe/Documents/Unreal Projects/mult_side_scr_test 5.0/Content/Textures_CP/Avatars/profileIcon_qlxer6lq7cg71.ubulk" 572
"C:/Users/Pepe/Documents/Unreal Projects/mult_side_scr_test 5.0/Content/UI_CP/MainMenu/OptionsMenu.uasset" 573
"C:/Users/Pepe/Documents/Unreal Projects/mult_side_scr_test 5.0/Content/UI_CP/MainMenu/OptionsMenu.uexp" 574
"C:/Users/Pepe/Documents/Unreal Projects/mult_side_scr_test 5.0/Content/UI_CP/MainMenu/ServerMenu.uasset" 575
"C:/Users/Pepe/Documents/Unreal Projects/mult_side_scr_test 5.0/Content/UI_CP/MainMenu/ServerMenu.uexp" 576
"C:/Users/Pepe/Documents/Unreal Projects/mult_side_scr_test 5.0/Content/Blueprints_CP/AllLevels/GameInfoInstance_CP.uasset" 577
"C:/Users/Pepe/Documents/Unreal Projects/mult_side_scr_test 5.0/Content/Blueprints_CP/AllLevels/GameInfoInstance_CP.uexp" 578
"C:/Users/Pepe/Documents/Unreal Projects/mult_side_scr_test 5.0/Content/Maps_CP/MainMenu_CP.uexp" 579
"C:/Users/Pepe/Documents/Unreal Projects/mult_side_scr_test 5.0/Content/Maps_CP/MainMenu_CP.umap" 580
"C:/Users/Pepe/Documents/Unreal Projects/mult_side_scr_test 5.0/Content/Maps_CP/Travel_map_CP.uexp" 581
"C:/Users/Pepe/Documents/Unreal Projects/mult_side_scr_test 5.0/Content/Maps_CP/Travel_map_CP.umap" 582
